d:\jusin\zelda\framework\client\default\x64\debug\client.pch
d:\jusin\zelda\framework\client\default\x64\debug\vc140.pdb
d:\jusin\zelda\framework\client\default\x64\debug\vc140.idb
d:\jusin\zelda\framework\client\default\x64\debug\stdafx.obj
d:\jusin\zelda\framework\client\default\x64\debug\background.obj
d:\jusin\zelda\framework\client\default\x64\debug\camera_free.obj
d:\jusin\zelda\framework\client\default\x64\debug\fork.obj
d:\jusin\zelda\framework\client\default\x64\debug\level_gameplay.obj
d:\jusin\zelda\framework\client\default\x64\debug\level_loading.obj
d:\jusin\zelda\framework\client\default\x64\debug\level_logo.obj
d:\jusin\zelda\framework\client\default\x64\debug\loader.obj
d:\jusin\zelda\framework\client\default\x64\debug\mainapp.obj
d:\jusin\zelda\framework\client\default\x64\debug\player.obj
d:\jusin\zelda\framework\client\default\x64\debug\terrain.obj
d:\jusin\zelda\framework\client\default\x64\debug\client.obj
d:\jusin\zelda\framework\client\default\x64\debug\camera_player.obj
d:\jusin\zelda\framework\client\default\x64\debug\ui_mainlogo.obj
d:\jusin\zelda\framework\client\default\x64\debug\ui_titlelogo.obj
d:\jusin\zelda\framework\client\default\x64\debug\ui_sublogo.obj
d:\jusin\zelda\framework\client\default\x64\debug\imgui.obj
d:\jusin\zelda\framework\client\default\x64\debug\imgui_tables.obj
d:\jusin\zelda\framework\client\default\x64\debug\imgui_widgets.obj
d:\jusin\zelda\framework\client\default\x64\debug\imgui_impl_win32.obj
d:\jusin\zelda\framework\client\default\x64\debug\imgui_draw.obj
d:\jusin\zelda\framework\client\default\x64\debug\imgui_impl_dx11.obj
d:\jusin\zelda\framework\client\default\x64\debug\imgui_demo.obj
d:\jusin\zelda\framework\client\default\x64\debug\camera_logo.obj
d:\jusin\zelda\framework\client\default\x64\debug\monster.obj
d:\jusin\zelda\framework\client\default\x64\debug\ui_pressstart.obj
d:\jusin\zelda\framework\client\default\x64\debug\ui_playerhp.obj
d:\jusin\zelda\framework\client\default\x64\debug\bossmonster.obj
d:\jusin\zelda\framework\client\default\x64\debug\zelda.obj
d:\jusin\zelda\framework\client\default\x64\debug\stage_outset.obj
d:\jusin\zelda\framework\client\default\x64\debug\ui_loadingbackground.obj
d:\jusin\zelda\framework\client\default\x64\debug\ui_loadingcircle.obj
d:\jusin\zelda\framework\client\default\x64\debug\stage_gtower.obj
d:\jusin\zelda\framework\client\default\x64\debug\ui_attentionbar.obj
d:\jusin\zelda\framework\client\default\x64\debug\item_sheath.obj
d:\jusin\zelda\framework\client\default\x64\debug\item_blade.obj
d:\jusin\zelda\framework\client\default\x64\debug\item_swordhandle.obj
d:\jusin\zelda\framework\client\default\x64\debug\item_gndsword.obj
d:\jusin\zelda\framework\client\default\x64\debug\item_shield.obj
d:\jusin\zelda\framework\client\default\x64\debug\ui_attentioncursor.obj
d:\jusin\zelda\framework\client\default\x64\debug\sky.obj
d:\jusin\zelda\framework\client\default\x64\debug\stage_dragon.obj
d:\jusin\zelda\framework\client\default\x64\debug\tool.obj
d:\jusin\zelda\framework\client\default\x64\debug\player_dirassist.obj
d:\jusin\zelda\framework\client\default\x64\debug\collider_gndsword.obj
d:\jusin\zelda\framework\client\bin\shader_vtxnonanim.cso
d:\jusin\zelda\framework\client\bin\shader_vtxnortex.cso
d:\jusin\zelda\framework\client\bin\shader_vtxtex.cso
d:\jusin\zelda\framework\client\bin\shader_vtxanim.cso
d:\jusin\zelda\framework\client\bin\shader_vtxcube.cso
d:\jusin\zelda\framework\client\bin\client.ilk
d:\jusin\zelda\framework\client\bin\client.exe
d:\jusin\zelda\framework\client\bin\client.pdb
d:\jusin\zelda\framework\client\default\x64\debug\client.res
d:\jusin\zelda\framework\client\default\x64\debug\loader.obj.enc
d:\jusin\zelda\framework\client\default\x64\debug\ui_mainlogo.obj.enc
d:\jusin\zelda\framework\client\default\../bin/client.exe
d:\jusin\zelda\framework\client\default\x64\debug\client.tlog\cl.command.1.tlog
d:\jusin\zelda\framework\client\default\x64\debug\client.tlog\cl.read.1.tlog
d:\jusin\zelda\framework\client\default\x64\debug\client.tlog\cl.write.1.tlog
d:\jusin\zelda\framework\client\default\x64\debug\client.tlog\client.write.1u.tlog
d:\jusin\zelda\framework\client\default\x64\debug\client.tlog\fxc.command.1.tlog
d:\jusin\zelda\framework\client\default\x64\debug\client.tlog\fxc.read.1.tlog
d:\jusin\zelda\framework\client\default\x64\debug\client.tlog\fxc.write.1.tlog
d:\jusin\zelda\framework\client\default\x64\debug\client.tlog\link.command.1.tlog
d:\jusin\zelda\framework\client\default\x64\debug\client.tlog\link.read.1.tlog
d:\jusin\zelda\framework\client\default\x64\debug\client.tlog\link.write.1.tlog
d:\jusin\zelda\framework\client\default\x64\debug\client.tlog\rc.command.1.tlog
d:\jusin\zelda\framework\client\default\x64\debug\client.tlog\rc.read.1.tlog
d:\jusin\zelda\framework\client\default\x64\debug\client.tlog\rc.write.1.tlog
